  [4;36;1mSQL (0.4ms)[0m   [0;1m SELECT name
 FROM sqlite_master
 WHERE type = 'table' AND NOT name = 'sqlite_sequence'
[0m
  [4;35;1mSQL (0.2ms)[0m   [0mselect sqlite_version(*)[0m
  [4;36;1mSQL (17.8ms)[0m   [0;1mCREATE TABLE "schema_migrations" ("version" varchar(255) NOT NULL) [0m
  [4;35;1mSQL (14.2ms)[0m   [0mCREATE UNIQUE INDEX "unique_schema_migrations" ON "schema_migrations" ("version")[0m
  [4;36;1mSQL (0.3ms)[0m   [0;1m SELECT name
 FROM sqlite_master
 WHERE type = 'table' AND NOT name = 'sqlite_sequence'
[0m
  [4;35;1mSQL (0.1ms)[0m   [0mSELECT version FROM schema_migrations[0m
  [4;36;1mSQL (0.6ms)[0m   [0;1m SELECT name
 FROM sqlite_master
 WHERE type = 'table' AND NOT name = 'sqlite_sequence'
[0m
  [4;35;1mSQL (0.1ms)[0m   [0mSELECT version FROM schema_migrations[0m
  [4;36;1mSQL (0.6ms)[0m   [0;1m SELECT name
 FROM sqlite_master
 WHERE type = 'table' AND NOT name = 'sqlite_sequence'
[0m
  [4;35;1mSQL (0.2ms)[0m   [0mSELECT version FROM schema_migrations[0m
  [4;36;1mSQL (0.6ms)[0m   [0;1m SELECT name
 FROM sqlite_master
 WHERE type = 'table' AND NOT name = 'sqlite_sequence'
[0m
  [4;35;1mSQL (0.2ms)[0m   [0mselect sqlite_version(*)[0m
  [4;36;1mSQL (0.3ms)[0m   [0;1m SELECT name
 FROM sqlite_master
 WHERE type = 'table' AND NOT name = 'sqlite_sequence'
[0m
  [4;35;1mSQL (0.1ms)[0m   [0mSELECT version FROM schema_migrations[0m
  [4;36;1mSQL (0.2ms)[0m   [0;1m SELECT name
 FROM sqlite_master
 WHERE type = 'table' AND NOT name = 'sqlite_sequence'
[0m
  [4;36;1mSQL (0.6ms)[0m   [0;1m SELECT name
 FROM sqlite_master
 WHERE type = 'table' AND NOT name = 'sqlite_sequence'
[0m
  [4;35;1mSQL (0.2ms)[0m   [0mSELECT version FROM schema_migrations[0m
  [4;36;1mSQL (0.2ms)[0m   [0;1m SELECT name
 FROM sqlite_master
 WHERE type = 'table' AND NOT name = 'sqlite_sequence'
[0m
  [4;35;1mSQL (0.2ms)[0m   [0mselect sqlite_version(*)[0m
  [4;36;1mSQL (14.5ms)[0m   [0;1mCREATE TABLE "schema_migrations" ("version" varchar(255) NOT NULL) [0m
  [4;35;1mSQL (12.8ms)[0m   [0mCREATE UNIQUE INDEX "unique_schema_migrations" ON "schema_migrations" ("version")[0m
  [4;36;1mSQL (0.3ms)[0m   [0;1m SELECT name
 FROM sqlite_master
 WHERE type = 'table' AND NOT name = 'sqlite_sequence'
[0m
  [4;35;1mSQL (0.3ms)[0m   [0mSELECT version FROM "schema_migrations"[0m
  [4;36;1mSQL (13.0ms)[0m   [0;1mINSERT INTO "schema_migrations" (version) VALUES ('0')[0m


Processing InternsController#index (for 127.0.0.1 at 2009-04-01 19:11:58) [GET]

ActionController::UnknownAction (No action responded to index. Actions: ):
  

Rendering rescues/layout (not_found)


Processing InternsController#index (for 127.0.0.1 at 2009-04-01 19:31:31) [GET]
Rendering interns/index
Completed in 6ms (View: 5, DB: 0) | 200 OK [http://localhost/interns/]


Processing InternsController#index (for 127.0.0.1 at 2009-04-01 19:33:13) [GET]
Rendering interns/index
Completed in 2ms (View: 1, DB: 0) | 200 OK [http://localhost/interns/]


Processing ApplicationController#index (for 127.0.0.1 at 2009-04-01 19:33:16) [GET]

NoMethodError (undefined method `camelize' for :interns:Symbol):
  

/!\ FAILSAFE /!\  Wed Apr 01 19:33:16 -0700 2009
  Status: 500 Internal Server Error
  
ActionView::TemplateError (undefined method `humanize' for :interns:Symbol) in /Library/Ruby/Gems/1.8/gems/actionpack-2.3.2/lib/action_controller/templates/rescues/diagnostics.erb:

    


    In /library/ruby/gems/1.8/gems/actionpack-2.3.2/lib/action_controller/templates/rescues/diagnostics.erb


    


Processing ApplicationController#index (for 127.0.0.1 at 2009-04-01 19:33:17) [GET]

NoMethodError (undefined method `camelize' for :interns:Symbol):
  

/!\ FAILSAFE /!\  Wed Apr 01 19:33:17 -0700 2009
  Status: 500 Internal Server Error
  
ActionView::TemplateError (undefined method `humanize' for :interns:Symbol) in /Library/Ruby/Gems/1.8/gems/actionpack-2.3.2/lib/action_controller/templates/rescues/diagnostics.erb:

    


    In /library/ruby/gems/1.8/gems/actionpack-2.3.2/lib/action_controller/templates/rescues/diagnostics.erb


    


Processing InternsController#index (for 127.0.0.1 at 2009-04-01 19:33:26) [GET]
Rendering interns/index
Completed in 2ms (View: 0, DB: 0) | 200 OK [http://localhost/]
